        Placement Information by Vertex
        ===============================

Generated: Mon Apr 12 07:59:51 2021 for target machine '10.11.233.129'

**** Vertex: 'Exc'
Model: AbstractPopulationVertex
Pop size: 100
Machine Vertices: 
  Slice 0:99 (100 atoms) 

**** Vertex: 'Inh'
Model: AbstractPopulationVertex
Pop size: 100
Machine Vertices: 
  Slice 0:99 (100 atoms) 

**** Vertex: 'Inh_delayed'
Model: DelayExtensionVertex
Pop size: 100
Machine Vertices: 
  Slice 0:99 (100 atoms) 

**** Vertex: 'Thalamus'
Model: SpikeSourceArrayVertex
Pop size: 100
Machine Vertices: 
  Slice 0:99 (100 atoms) 

