        Memory Usage by Core
        ====================

Generated: Sun Apr 11 12:34:05 2021 for target machine '10.11.208.129'

Planned by partitioner
----------------------
Based on 1000 timesteps

SDRAM reqs for core (0,0,3) is 6047 KB (6193065 bytes) for Placement(vertex=1D:0:254, x=0, y=0, p=3)
SDRAM reqs for core (0,0,4) is 6047 KB (6193065 bytes) for Placement(vertex=1D:255:509, x=0, y=0, p=4)
SDRAM reqs for core (0,0,5) is 6047 KB (6193065 bytes) for Placement(vertex=1D:510:764, x=0, y=0, p=5)
SDRAM reqs for core (0,0,6) is 3228 KB (3306345 bytes) for Placement(vertex=1D:765:899, x=0, y=0, p=6)
SDRAM reqs for core (0,0,7) is 6047 KB (6193065 bytes) for Placement(vertex=2D:0:254, x=0, y=0, p=7)
SDRAM reqs for core (0,0,8) is 6047 KB (6193065 bytes) for Placement(vertex=2D:255:509, x=0, y=0, p=8)
SDRAM reqs for core (0,0,9) is 6047 KB (6193065 bytes) for Placement(vertex=2D:510:764, x=0, y=0, p=9)
SDRAM reqs for core (0,0,10) is 3228 KB (3306345 bytes) for Placement(vertex=2D:765:899, x=0, y=0, p=10)
SDRAM reqs for core (0,0,11) is 6158 KB (6306585 bytes) for Placement(vertex=3D:0:254, x=0, y=0, p=11)
SDRAM reqs for core (0,0,12) is 6158 KB (6306585 bytes) for Placement(vertex=3D:255:509, x=0, y=0, p=12)
SDRAM reqs for core (0,0,13) is 6158 KB (6306585 bytes) for Placement(vertex=3D:510:764, x=0, y=0, p=13)
SDRAM reqs for core (0,0,14) is 5682 KB (5818665 bytes) for Placement(vertex=3D:765:999, x=0, y=0, p=14)
SDRAM reqs for core (1,0,3) is 6158 KB (6306585 bytes) for Placement(vertex=Cuboid:0:254, x=1, y=0, p=3)
SDRAM reqs for core (1,0,4) is 6158 KB (6306585 bytes) for Placement(vertex=Cuboid:255:509, x=1, y=0, p=4)
SDRAM reqs for core (1,0,5) is 6158 KB (6306585 bytes) for Placement(vertex=Cuboid:510:764, x=1, y=0, p=5)
SDRAM reqs for core (1,0,6) is 5682 KB (5818665 bytes) for Placement(vertex=Cuboid:765:999, x=1, y=0, p=6)
SDRAM reqs for core (0,0,1) is 476 KB (488136 bytes) for Placement(vertex=SYSTEM:ExtraMonitor, x=0, y=0, p=1)
SDRAM reqs for core (0,1,1) is 476 KB (488136 bytes) for Placement(vertex=SYSTEM:ExtraMonitor1, x=0, y=1, p=1)
SDRAM reqs for core (2,1,1) is 476 KB (488136 bytes) for Placement(vertex=SYSTEM:ExtraMonitor10, x=2, y=1, p=1)
SDRAM reqs for core (2,2,1) is 476 KB (488136 bytes) for Placement(vertex=SYSTEM:ExtraMonitor11, x=2, y=2, p=1)
SDRAM reqs for core (2,3,1) is 476 KB (488136 bytes) for Placement(vertex=SYSTEM:ExtraMonitor12, x=2, y=3, p=1)
SDRAM reqs for core (2,4,1) is 476 KB (488136 bytes) for Placement(vertex=SYSTEM:ExtraMonitor13, x=2, y=4, p=1)
SDRAM reqs for core (2,5,1) is 476 KB (488136 bytes) for Placement(vertex=SYSTEM:ExtraMonitor14, x=2, y=5, p=1)
SDRAM reqs for core (3,0,1) is 476 KB (488136 bytes) for Placement(vertex=SYSTEM:ExtraMonitor15, x=3, y=0, p=1)
SDRAM reqs for core (3,1,1) is 476 KB (488136 bytes) for Placement(vertex=SYSTEM:ExtraMonitor16, x=3, y=1, p=1)
SDRAM reqs for core (3,2,1) is 476 KB (488136 bytes) for Placement(vertex=SYSTEM:ExtraMonitor17, x=3, y=2, p=1)
SDRAM reqs for core (3,3,1) is 476 KB (488136 bytes) for Placement(vertex=SYSTEM:ExtraMonitor18, x=3, y=3, p=1)
SDRAM reqs for core (3,4,1) is 476 KB (488136 bytes) for Placement(vertex=SYSTEM:ExtraMonitor19, x=3, y=4, p=1)
SDRAM reqs for core (0,2,1) is 476 KB (488136 bytes) for Placement(vertex=SYSTEM:ExtraMonitor2, x=0, y=2, p=1)
SDRAM reqs for core (3,5,1) is 476 KB (488136 bytes) for Placement(vertex=SYSTEM:ExtraMonitor20, x=3, y=5, p=1)
SDRAM reqs for core (3,6,1) is 476 KB (488136 bytes) for Placement(vertex=SYSTEM:ExtraMonitor21, x=3, y=6, p=1)
SDRAM reqs for core (4,0,1) is 476 KB (488136 bytes) for Placement(vertex=SYSTEM:ExtraMonitor22, x=4, y=0, p=1)
SDRAM reqs for core (4,1,1) is 476 KB (488136 bytes) for Placement(vertex=SYSTEM:ExtraMonitor23, x=4, y=1, p=1)
SDRAM reqs for core (4,2,1) is 476 KB (488136 bytes) for Placement(vertex=SYSTEM:ExtraMonitor24, x=4, y=2, p=1)
SDRAM reqs for core (4,3,1) is 476 KB (488136 bytes) for Placement(vertex=SYSTEM:ExtraMonitor25, x=4, y=3, p=1)
SDRAM reqs for core (4,4,1) is 476 KB (488136 bytes) for Placement(vertex=SYSTEM:ExtraMonitor26, x=4, y=4, p=1)
SDRAM reqs for core (4,5,1) is 476 KB (488136 bytes) for Placement(vertex=SYSTEM:ExtraMonitor27, x=4, y=5, p=1)
SDRAM reqs for core (4,6,1) is 476 KB (488136 bytes) for Placement(vertex=SYSTEM:ExtraMonitor28, x=4, y=6, p=1)
SDRAM reqs for core (4,7,1) is 476 KB (488136 bytes) for Placement(vertex=SYSTEM:ExtraMonitor29, x=4, y=7, p=1)
SDRAM reqs for core (0,3,1) is 476 KB (488136 bytes) for Placement(vertex=SYSTEM:ExtraMonitor3, x=0, y=3, p=1)
SDRAM reqs for core (5,1,1) is 476 KB (488136 bytes) for Placement(vertex=SYSTEM:ExtraMonitor30, x=5, y=1, p=1)
SDRAM reqs for core (5,2,1) is 476 KB (488136 bytes) for Placement(vertex=SYSTEM:ExtraMonitor31, x=5, y=2, p=1)
SDRAM reqs for core (5,3,1) is 476 KB (488136 bytes) for Placement(vertex=SYSTEM:ExtraMonitor32, x=5, y=3, p=1)
SDRAM reqs for core (5,4,1) is 476 KB (488136 bytes) for Placement(vertex=SYSTEM:ExtraMonitor33, x=5, y=4, p=1)
SDRAM reqs for core (5,5,1) is 476 KB (488136 bytes) for Placement(vertex=SYSTEM:ExtraMonitor34, x=5, y=5, p=1)
SDRAM reqs for core (5,6,1) is 476 KB (488136 bytes) for Placement(vertex=SYSTEM:ExtraMonitor35, x=5, y=6, p=1)
SDRAM reqs for core (5,7,1) is 476 KB (488136 bytes) for Placement(vertex=SYSTEM:ExtraMonitor36, x=5, y=7, p=1)
SDRAM reqs for core (6,2,1) is 476 KB (488136 bytes) for Placement(vertex=SYSTEM:ExtraMonitor37, x=6, y=2, p=1)
SDRAM reqs for core (6,3,1) is 476 KB (488136 bytes) for Placement(vertex=SYSTEM:ExtraMonitor38, x=6, y=3, p=1)
SDRAM reqs for core (6,4,1) is 476 KB (488136 bytes) for Placement(vertex=SYSTEM:ExtraMonitor39, x=6, y=4, p=1)
SDRAM reqs for core (1,0,1) is 476 KB (488136 bytes) for Placement(vertex=SYSTEM:ExtraMonitor4, x=1, y=0, p=1)
SDRAM reqs for core (6,5,1) is 476 KB (488136 bytes) for Placement(vertex=SYSTEM:ExtraMonitor40, x=6, y=5, p=1)
SDRAM reqs for core (6,6,1) is 476 KB (488136 bytes) for Placement(vertex=SYSTEM:ExtraMonitor41, x=6, y=6, p=1)
SDRAM reqs for core (6,7,1) is 476 KB (488136 bytes) for Placement(vertex=SYSTEM:ExtraMonitor42, x=6, y=7, p=1)
SDRAM reqs for core (7,3,1) is 476 KB (488136 bytes) for Placement(vertex=SYSTEM:ExtraMonitor43, x=7, y=3, p=1)
SDRAM reqs for core (7,4,1) is 476 KB (488136 bytes) for Placement(vertex=SYSTEM:ExtraMonitor44, x=7, y=4, p=1)
SDRAM reqs for core (7,5,1) is 476 KB (488136 bytes) for Placement(vertex=SYSTEM:ExtraMonitor45, x=7, y=5, p=1)
SDRAM reqs for core (7,6,1) is 476 KB (488136 bytes) for Placement(vertex=SYSTEM:ExtraMonitor46, x=7, y=6, p=1)
SDRAM reqs for core (7,7,1) is 476 KB (488136 bytes) for Placement(vertex=SYSTEM:ExtraMonitor47, x=7, y=7, p=1)
SDRAM reqs for core (1,1,1) is 476 KB (488136 bytes) for Placement(vertex=SYSTEM:ExtraMonitor5, x=1, y=1, p=1)
SDRAM reqs for core (1,2,1) is 476 KB (488136 bytes) for Placement(vertex=SYSTEM:ExtraMonitor6, x=1, y=2, p=1)
SDRAM reqs for core (1,3,1) is 476 KB (488136 bytes) for Placement(vertex=SYSTEM:ExtraMonitor7, x=1, y=3, p=1)
SDRAM reqs for core (1,4,1) is 476 KB (488136 bytes) for Placement(vertex=SYSTEM:ExtraMonitor8, x=1, y=4, p=1)
SDRAM reqs for core (2,0,1) is 476 KB (488136 bytes) for Placement(vertex=SYSTEM:ExtraMonitor9, x=2, y=0, p=1)
SDRAM reqs for core (0,0,2) is 459 KB (470200 bytes) for Placement(vertex=SYSTEM:PacketGatherer(0,0), x=0, y=0, p=2)
SDRAM reqs for core (0,0,15) is 4163 KB (4263225 bytes) for Placement(vertex=Sphere:0:254, x=0, y=0, p=15)
SDRAM reqs for core (0,0,16) is 6158 KB (6306585 bytes) for Placement(vertex=Sphere:255:509, x=0, y=0, p=16)
SDRAM reqs for core (0,0,17) is 6158 KB (6306585 bytes) for Placement(vertex=Sphere:510:764, x=0, y=0, p=17)
SDRAM reqs for core (1,0,2) is 5682 KB (5818665 bytes) for Placement(vertex=Sphere:765:999, x=1, y=0, p=2)
SDRAM reqs for core (1,0,7) is 363 KB (372604 bytes) for Placement(vertex=Thalamus:0:899, x=1, y=0, p=7)
**** Chip: (0, 0) has total memory usage of 84320 KB (86344231 bytes) out of a max of 120575 KB (123469792 bytes)

**** Chip: (0, 1) has total memory usage of 476 KB (488136 bytes) out of a max of 120575 KB (123469792 bytes)

**** Chip: (0, 2) has total memory usage of 476 KB (488136 bytes) out of a max of 120575 KB (123469792 bytes)

**** Chip: (0, 3) has total memory usage of 476 KB (488136 bytes) out of a max of 120575 KB (123469792 bytes)

**** Chip: (1, 0) has total memory usage of 30681 KB (31417825 bytes) out of a max of 120575 KB (123469792 bytes)

**** Chip: (1, 1) has total memory usage of 476 KB (488136 bytes) out of a max of 120575 KB (123469792 bytes)

**** Chip: (1, 2) has total memory usage of 476 KB (488136 bytes) out of a max of 120575 KB (123469792 bytes)

**** Chip: (1, 3) has total memory usage of 476 KB (488136 bytes) out of a max of 120575 KB (123469792 bytes)

**** Chip: (1, 4) has total memory usage of 476 KB (488136 bytes) out of a max of 120575 KB (123469792 bytes)

**** Chip: (2, 0) has total memory usage of 476 KB (488136 bytes) out of a max of 120575 KB (123469792 bytes)

**** Chip: (2, 1) has total memory usage of 476 KB (488136 bytes) out of a max of 120575 KB (123469792 bytes)

**** Chip: (2, 2) has total memory usage of 476 KB (488136 bytes) out of a max of 120575 KB (123469792 bytes)

**** Chip: (2, 3) has total memory usage of 476 KB (488136 bytes) out of a max of 120575 KB (123469792 bytes)

**** Chip: (2, 4) has total memory usage of 476 KB (488136 bytes) out of a max of 120575 KB (123469792 bytes)

**** Chip: (2, 5) has total memory usage of 476 KB (488136 bytes) out of a max of 120575 KB (123469792 bytes)

**** Chip: (3, 0) has total memory usage of 476 KB (488136 bytes) out of a max of 120575 KB (123469792 bytes)

**** Chip: (3, 1) has total memory usage of 476 KB (488136 bytes) out of a max of 120575 KB (123469792 bytes)

**** Chip: (3, 2) has total memory usage of 476 KB (488136 bytes) out of a max of 120575 KB (123469792 bytes)

**** Chip: (3, 3) has total memory usage of 476 KB (488136 bytes) out of a max of 120575 KB (123469792 bytes)

**** Chip: (3, 4) has total memory usage of 476 KB (488136 bytes) out of a max of 120575 KB (123469792 bytes)

**** Chip: (3, 5) has total memory usage of 476 KB (488136 bytes) out of a max of 120575 KB (123469792 bytes)

**** Chip: (3, 6) has total memory usage of 476 KB (488136 bytes) out of a max of 120575 KB (123469792 bytes)

**** Chip: (4, 0) has total memory usage of 476 KB (488136 bytes) out of a max of 120575 KB (123469792 bytes)

**** Chip: (4, 1) has total memory usage of 476 KB (488136 bytes) out of a max of 120575 KB (123469792 bytes)

**** Chip: (4, 2) has total memory usage of 476 KB (488136 bytes) out of a max of 120575 KB (123469792 bytes)

**** Chip: (4, 3) has total memory usage of 476 KB (488136 bytes) out of a max of 120575 KB (123469792 bytes)

**** Chip: (4, 4) has total memory usage of 476 KB (488136 bytes) out of a max of 120575 KB (123469792 bytes)

**** Chip: (4, 5) has total memory usage of 476 KB (488136 bytes) out of a max of 120575 KB (123469792 bytes)

**** Chip: (4, 6) has total memory usage of 476 KB (488136 bytes) out of a max of 120575 KB (123469792 bytes)

**** Chip: (4, 7) has total memory usage of 476 KB (488136 bytes) out of a max of 120575 KB (123469792 bytes)

**** Chip: (5, 1) has total memory usage of 476 KB (488136 bytes) out of a max of 120575 KB (123469792 bytes)

**** Chip: (5, 2) has total memory usage of 476 KB (488136 bytes) out of a max of 120575 KB (123469792 bytes)

**** Chip: (5, 3) has total memory usage of 476 KB (488136 bytes) out of a max of 120575 KB (123469792 bytes)

**** Chip: (5, 4) has total memory usage of 476 KB (488136 bytes) out of a max of 120575 KB (123469792 bytes)

**** Chip: (5, 5) has total memory usage of 476 KB (488136 bytes) out of a max of 120575 KB (123469792 bytes)

**** Chip: (5, 6) has total memory usage of 476 KB (488136 bytes) out of a max of 120575 KB (123469792 bytes)

**** Chip: (5, 7) has total memory usage of 476 KB (488136 bytes) out of a max of 120575 KB (123469792 bytes)

**** Chip: (6, 2) has total memory usage of 476 KB (488136 bytes) out of a max of 120575 KB (123469792 bytes)

**** Chip: (6, 3) has total memory usage of 476 KB (488136 bytes) out of a max of 120575 KB (123469792 bytes)

**** Chip: (6, 4) has total memory usage of 476 KB (488136 bytes) out of a max of 120575 KB (123469792 bytes)

**** Chip: (6, 5) has total memory usage of 476 KB (488136 bytes) out of a max of 120575 KB (123469792 bytes)

**** Chip: (6, 6) has total memory usage of 476 KB (488136 bytes) out of a max of 120575 KB (123469792 bytes)

**** Chip: (6, 7) has total memory usage of 476 KB (488136 bytes) out of a max of 120575 KB (123469792 bytes)

**** Chip: (7, 3) has total memory usage of 476 KB (488136 bytes) out of a max of 120575 KB (123469792 bytes)

**** Chip: (7, 4) has total memory usage of 476 KB (488136 bytes) out of a max of 120575 KB (123469792 bytes)

**** Chip: (7, 5) has total memory usage of 476 KB (488136 bytes) out of a max of 120575 KB (123469792 bytes)

**** Chip: (7, 6) has total memory usage of 476 KB (488136 bytes) out of a max of 120575 KB (123469792 bytes)

**** Chip: (7, 7) has total memory usage of 476 KB (488136 bytes) out of a max of 120575 KB (123469792 bytes)


Actual space reserved on the machine
----------------------
Based on 1853 timesteps

SDRAM reqs for core (0,0,3) is 8636 KB (8844189 bytes) for Placement(vertex=1D:0:254, x=0, y=0, p=3)
SDRAM reqs for core (0,0,4) is 8636 KB (8844189 bytes) for Placement(vertex=1D:255:509, x=0, y=0, p=4)
SDRAM reqs for core (0,0,5) is 8636 KB (8844189 bytes) for Placement(vertex=1D:510:764, x=0, y=0, p=5)
SDRAM reqs for core (0,0,6) is 4608 KB (4718913 bytes) for Placement(vertex=1D:765:899, x=0, y=0, p=6)
SDRAM reqs for core (0,0,7) is 8636 KB (8844189 bytes) for Placement(vertex=2D:0:254, x=0, y=0, p=7)
SDRAM reqs for core (0,0,8) is 8636 KB (8844189 bytes) for Placement(vertex=2D:255:509, x=0, y=0, p=8)
SDRAM reqs for core (0,0,9) is 8636 KB (8844189 bytes) for Placement(vertex=2D:510:764, x=0, y=0, p=9)
SDRAM reqs for core (0,0,10) is 4608 KB (4718913 bytes) for Placement(vertex=2D:765:899, x=0, y=0, p=10)
SDRAM reqs for core (0,0,11) is 8747 KB (8957709 bytes) for Placement(vertex=3D:0:254, x=0, y=0, p=11)
SDRAM reqs for core (0,0,12) is 8747 KB (8957709 bytes) for Placement(vertex=3D:255:509, x=0, y=0, p=12)
SDRAM reqs for core (0,0,13) is 8747 KB (8957709 bytes) for Placement(vertex=3D:510:764, x=0, y=0, p=13)
SDRAM reqs for core (0,0,14) is 8071 KB (8265069 bytes) for Placement(vertex=3D:765:999, x=0, y=0, p=14)
SDRAM reqs for core (1,0,3) is 8747 KB (8957709 bytes) for Placement(vertex=Cuboid:0:254, x=1, y=0, p=3)
SDRAM reqs for core (1,0,4) is 8747 KB (8957709 bytes) for Placement(vertex=Cuboid:255:509, x=1, y=0, p=4)
SDRAM reqs for core (1,0,5) is 8747 KB (8957709 bytes) for Placement(vertex=Cuboid:510:764, x=1, y=0, p=5)
SDRAM reqs for core (1,0,6) is 8071 KB (8265069 bytes) for Placement(vertex=Cuboid:765:999, x=1, y=0, p=6)
SDRAM reqs for core (0,0,1) is 476 KB (488136 bytes) for Placement(vertex=SYSTEM:ExtraMonitor, x=0, y=0, p=1)
SDRAM reqs for core (0,1,1) is 476 KB (488136 bytes) for Placement(vertex=SYSTEM:ExtraMonitor1, x=0, y=1, p=1)
SDRAM reqs for core (2,1,1) is 476 KB (488136 bytes) for Placement(vertex=SYSTEM:ExtraMonitor10, x=2, y=1, p=1)
SDRAM reqs for core (2,2,1) is 476 KB (488136 bytes) for Placement(vertex=SYSTEM:ExtraMonitor11, x=2, y=2, p=1)
SDRAM reqs for core (2,3,1) is 476 KB (488136 bytes) for Placement(vertex=SYSTEM:ExtraMonitor12, x=2, y=3, p=1)
SDRAM reqs for core (2,4,1) is 476 KB (488136 bytes) for Placement(vertex=SYSTEM:ExtraMonitor13, x=2, y=4, p=1)
SDRAM reqs for core (2,5,1) is 476 KB (488136 bytes) for Placement(vertex=SYSTEM:ExtraMonitor14, x=2, y=5, p=1)
SDRAM reqs for core (3,0,1) is 476 KB (488136 bytes) for Placement(vertex=SYSTEM:ExtraMonitor15, x=3, y=0, p=1)
SDRAM reqs for core (3,1,1) is 476 KB (488136 bytes) for Placement(vertex=SYSTEM:ExtraMonitor16, x=3, y=1, p=1)
SDRAM reqs for core (3,2,1) is 476 KB (488136 bytes) for Placement(vertex=SYSTEM:ExtraMonitor17, x=3, y=2, p=1)
SDRAM reqs for core (3,3,1) is 476 KB (488136 bytes) for Placement(vertex=SYSTEM:ExtraMonitor18, x=3, y=3, p=1)
SDRAM reqs for core (3,4,1) is 476 KB (488136 bytes) for Placement(vertex=SYSTEM:ExtraMonitor19, x=3, y=4, p=1)
SDRAM reqs for core (0,2,1) is 476 KB (488136 bytes) for Placement(vertex=SYSTEM:ExtraMonitor2, x=0, y=2, p=1)
SDRAM reqs for core (3,5,1) is 476 KB (488136 bytes) for Placement(vertex=SYSTEM:ExtraMonitor20, x=3, y=5, p=1)
SDRAM reqs for core (3,6,1) is 476 KB (488136 bytes) for Placement(vertex=SYSTEM:ExtraMonitor21, x=3, y=6, p=1)
SDRAM reqs for core (4,0,1) is 476 KB (488136 bytes) for Placement(vertex=SYSTEM:ExtraMonitor22, x=4, y=0, p=1)
SDRAM reqs for core (4,1,1) is 476 KB (488136 bytes) for Placement(vertex=SYSTEM:ExtraMonitor23, x=4, y=1, p=1)
SDRAM reqs for core (4,2,1) is 476 KB (488136 bytes) for Placement(vertex=SYSTEM:ExtraMonitor24, x=4, y=2, p=1)
SDRAM reqs for core (4,3,1) is 476 KB (488136 bytes) for Placement(vertex=SYSTEM:ExtraMonitor25, x=4, y=3, p=1)
SDRAM reqs for core (4,4,1) is 476 KB (488136 bytes) for Placement(vertex=SYSTEM:ExtraMonitor26, x=4, y=4, p=1)
SDRAM reqs for core (4,5,1) is 476 KB (488136 bytes) for Placement(vertex=SYSTEM:ExtraMonitor27, x=4, y=5, p=1)
SDRAM reqs for core (4,6,1) is 476 KB (488136 bytes) for Placement(vertex=SYSTEM:ExtraMonitor28, x=4, y=6, p=1)
SDRAM reqs for core (4,7,1) is 476 KB (488136 bytes) for Placement(vertex=SYSTEM:ExtraMonitor29, x=4, y=7, p=1)
SDRAM reqs for core (0,3,1) is 476 KB (488136 bytes) for Placement(vertex=SYSTEM:ExtraMonitor3, x=0, y=3, p=1)
SDRAM reqs for core (5,1,1) is 476 KB (488136 bytes) for Placement(vertex=SYSTEM:ExtraMonitor30, x=5, y=1, p=1)
SDRAM reqs for core (5,2,1) is 476 KB (488136 bytes) for Placement(vertex=SYSTEM:ExtraMonitor31, x=5, y=2, p=1)
SDRAM reqs for core (5,3,1) is 476 KB (488136 bytes) for Placement(vertex=SYSTEM:ExtraMonitor32, x=5, y=3, p=1)
SDRAM reqs for core (5,4,1) is 476 KB (488136 bytes) for Placement(vertex=SYSTEM:ExtraMonitor33, x=5, y=4, p=1)
SDRAM reqs for core (5,5,1) is 476 KB (488136 bytes) for Placement(vertex=SYSTEM:ExtraMonitor34, x=5, y=5, p=1)
SDRAM reqs for core (5,6,1) is 476 KB (488136 bytes) for Placement(vertex=SYSTEM:ExtraMonitor35, x=5, y=6, p=1)
SDRAM reqs for core (5,7,1) is 476 KB (488136 bytes) for Placement(vertex=SYSTEM:ExtraMonitor36, x=5, y=7, p=1)
SDRAM reqs for core (6,2,1) is 476 KB (488136 bytes) for Placement(vertex=SYSTEM:ExtraMonitor37, x=6, y=2, p=1)
SDRAM reqs for core (6,3,1) is 476 KB (488136 bytes) for Placement(vertex=SYSTEM:ExtraMonitor38, x=6, y=3, p=1)
SDRAM reqs for core (6,4,1) is 476 KB (488136 bytes) for Placement(vertex=SYSTEM:ExtraMonitor39, x=6, y=4, p=1)
SDRAM reqs for core (1,0,1) is 476 KB (488136 bytes) for Placement(vertex=SYSTEM:ExtraMonitor4, x=1, y=0, p=1)
SDRAM reqs for core (6,5,1) is 476 KB (488136 bytes) for Placement(vertex=SYSTEM:ExtraMonitor40, x=6, y=5, p=1)
SDRAM reqs for core (6,6,1) is 476 KB (488136 bytes) for Placement(vertex=SYSTEM:ExtraMonitor41, x=6, y=6, p=1)
SDRAM reqs for core (6,7,1) is 476 KB (488136 bytes) for Placement(vertex=SYSTEM:ExtraMonitor42, x=6, y=7, p=1)
SDRAM reqs for core (7,3,1) is 476 KB (488136 bytes) for Placement(vertex=SYSTEM:ExtraMonitor43, x=7, y=3, p=1)
SDRAM reqs for core (7,4,1) is 476 KB (488136 bytes) for Placement(vertex=SYSTEM:ExtraMonitor44, x=7, y=4, p=1)
SDRAM reqs for core (7,5,1) is 476 KB (488136 bytes) for Placement(vertex=SYSTEM:ExtraMonitor45, x=7, y=5, p=1)
SDRAM reqs for core (7,6,1) is 476 KB (488136 bytes) for Placement(vertex=SYSTEM:ExtraMonitor46, x=7, y=6, p=1)
SDRAM reqs for core (7,7,1) is 476 KB (488136 bytes) for Placement(vertex=SYSTEM:ExtraMonitor47, x=7, y=7, p=1)
SDRAM reqs for core (1,1,1) is 476 KB (488136 bytes) for Placement(vertex=SYSTEM:ExtraMonitor5, x=1, y=1, p=1)
SDRAM reqs for core (1,2,1) is 476 KB (488136 bytes) for Placement(vertex=SYSTEM:ExtraMonitor6, x=1, y=2, p=1)
SDRAM reqs for core (1,3,1) is 476 KB (488136 bytes) for Placement(vertex=SYSTEM:ExtraMonitor7, x=1, y=3, p=1)
SDRAM reqs for core (1,4,1) is 476 KB (488136 bytes) for Placement(vertex=SYSTEM:ExtraMonitor8, x=1, y=4, p=1)
SDRAM reqs for core (2,0,1) is 476 KB (488136 bytes) for Placement(vertex=SYSTEM:ExtraMonitor9, x=2, y=0, p=1)
SDRAM reqs for core (0,0,2) is 459 KB (470200 bytes) for Placement(vertex=SYSTEM:PacketGatherer(0,0), x=0, y=0, p=2)
SDRAM reqs for core (0,0,15) is 6752 KB (6914349 bytes) for Placement(vertex=Sphere:0:254, x=0, y=0, p=15)
SDRAM reqs for core (0,0,16) is 8747 KB (8957709 bytes) for Placement(vertex=Sphere:255:509, x=0, y=0, p=16)
SDRAM reqs for core (0,0,17) is 8747 KB (8957709 bytes) for Placement(vertex=Sphere:510:764, x=0, y=0, p=17)
SDRAM reqs for core (1,0,2) is 8071 KB (8265069 bytes) for Placement(vertex=Sphere:765:999, x=1, y=0, p=2)
SDRAM reqs for core (1,0,7) is 673 KB (689920 bytes) for Placement(vertex=Thalamus:0:899, x=1, y=0, p=7)
**** Chip: (0, 0) has total memory usage of 120536 KB (123429259 bytes) out of a max of 120575 KB (123469792 bytes)

**** Chip: (0, 1) has total memory usage of 476 KB (488136 bytes) out of a max of 120575 KB (123469792 bytes)

**** Chip: (0, 2) has total memory usage of 476 KB (488136 bytes) out of a max of 120575 KB (123469792 bytes)

**** Chip: (0, 3) has total memory usage of 476 KB (488136 bytes) out of a max of 120575 KB (123469792 bytes)

**** Chip: (1, 0) has total memory usage of 43536 KB (44581321 bytes) out of a max of 120575 KB (123469792 bytes)

**** Chip: (1, 1) has total memory usage of 476 KB (488136 bytes) out of a max of 120575 KB (123469792 bytes)

**** Chip: (1, 2) has total memory usage of 476 KB (488136 bytes) out of a max of 120575 KB (123469792 bytes)

**** Chip: (1, 3) has total memory usage of 476 KB (488136 bytes) out of a max of 120575 KB (123469792 bytes)

**** Chip: (1, 4) has total memory usage of 476 KB (488136 bytes) out of a max of 120575 KB (123469792 bytes)

**** Chip: (2, 0) has total memory usage of 476 KB (488136 bytes) out of a max of 120575 KB (123469792 bytes)

**** Chip: (2, 1) has total memory usage of 476 KB (488136 bytes) out of a max of 120575 KB (123469792 bytes)

**** Chip: (2, 2) has total memory usage of 476 KB (488136 bytes) out of a max of 120575 KB (123469792 bytes)

**** Chip: (2, 3) has total memory usage of 476 KB (488136 bytes) out of a max of 120575 KB (123469792 bytes)

**** Chip: (2, 4) has total memory usage of 476 KB (488136 bytes) out of a max of 120575 KB (123469792 bytes)

**** Chip: (2, 5) has total memory usage of 476 KB (488136 bytes) out of a max of 120575 KB (123469792 bytes)

**** Chip: (3, 0) has total memory usage of 476 KB (488136 bytes) out of a max of 120575 KB (123469792 bytes)

**** Chip: (3, 1) has total memory usage of 476 KB (488136 bytes) out of a max of 120575 KB (123469792 bytes)

**** Chip: (3, 2) has total memory usage of 476 KB (488136 bytes) out of a max of 120575 KB (123469792 bytes)

**** Chip: (3, 3) has total memory usage of 476 KB (488136 bytes) out of a max of 120575 KB (123469792 bytes)

**** Chip: (3, 4) has total memory usage of 476 KB (488136 bytes) out of a max of 120575 KB (123469792 bytes)

**** Chip: (3, 5) has total memory usage of 476 KB (488136 bytes) out of a max of 120575 KB (123469792 bytes)

**** Chip: (3, 6) has total memory usage of 476 KB (488136 bytes) out of a max of 120575 KB (123469792 bytes)

**** Chip: (4, 0) has total memory usage of 476 KB (488136 bytes) out of a max of 120575 KB (123469792 bytes)

**** Chip: (4, 1) has total memory usage of 476 KB (488136 bytes) out of a max of 120575 KB (123469792 bytes)

**** Chip: (4, 2) has total memory usage of 476 KB (488136 bytes) out of a max of 120575 KB (123469792 bytes)

**** Chip: (4, 3) has total memory usage of 476 KB (488136 bytes) out of a max of 120575 KB (123469792 bytes)

**** Chip: (4, 4) has total memory usage of 476 KB (488136 bytes) out of a max of 120575 KB (123469792 bytes)

**** Chip: (4, 5) has total memory usage of 476 KB (488136 bytes) out of a max of 120575 KB (123469792 bytes)

**** Chip: (4, 6) has total memory usage of 476 KB (488136 bytes) out of a max of 120575 KB (123469792 bytes)

**** Chip: (4, 7) has total memory usage of 476 KB (488136 bytes) out of a max of 120575 KB (123469792 bytes)

**** Chip: (5, 1) has total memory usage of 476 KB (488136 bytes) out of a max of 120575 KB (123469792 bytes)

**** Chip: (5, 2) has total memory usage of 476 KB (488136 bytes) out of a max of 120575 KB (123469792 bytes)

**** Chip: (5, 3) has total memory usage of 476 KB (488136 bytes) out of a max of 120575 KB (123469792 bytes)

**** Chip: (5, 4) has total memory usage of 476 KB (488136 bytes) out of a max of 120575 KB (123469792 bytes)

**** Chip: (5, 5) has total memory usage of 476 KB (488136 bytes) out of a max of 120575 KB (123469792 bytes)

**** Chip: (5, 6) has total memory usage of 476 KB (488136 bytes) out of a max of 120575 KB (123469792 bytes)

**** Chip: (5, 7) has total memory usage of 476 KB (488136 bytes) out of a max of 120575 KB (123469792 bytes)

**** Chip: (6, 2) has total memory usage of 476 KB (488136 bytes) out of a max of 120575 KB (123469792 bytes)

**** Chip: (6, 3) has total memory usage of 476 KB (488136 bytes) out of a max of 120575 KB (123469792 bytes)

**** Chip: (6, 4) has total memory usage of 476 KB (488136 bytes) out of a max of 120575 KB (123469792 bytes)

**** Chip: (6, 5) has total memory usage of 476 KB (488136 bytes) out of a max of 120575 KB (123469792 bytes)

**** Chip: (6, 6) has total memory usage of 476 KB (488136 bytes) out of a max of 120575 KB (123469792 bytes)

**** Chip: (6, 7) has total memory usage of 476 KB (488136 bytes) out of a max of 120575 KB (123469792 bytes)

**** Chip: (7, 3) has total memory usage of 476 KB (488136 bytes) out of a max of 120575 KB (123469792 bytes)

**** Chip: (7, 4) has total memory usage of 476 KB (488136 bytes) out of a max of 120575 KB (123469792 bytes)

**** Chip: (7, 5) has total memory usage of 476 KB (488136 bytes) out of a max of 120575 KB (123469792 bytes)

**** Chip: (7, 6) has total memory usage of 476 KB (488136 bytes) out of a max of 120575 KB (123469792 bytes)

**** Chip: (7, 7) has total memory usage of 476 KB (488136 bytes) out of a max of 120575 KB (123469792 bytes)

