Vertex: 1D:0:254
    Partition: SPIKE, Routing Info: [KeyAndMask:0x0:0xffffff00]
Vertex: 1D:255:509
    Partition: SPIKE, Routing Info: [KeyAndMask:0x100:0xffffff00]
Vertex: 1D:510:764
    Partition: SPIKE, Routing Info: [KeyAndMask:0x200:0xffffff00]
Vertex: 1D:765:899
    Partition: SPIKE, Routing Info: [KeyAndMask:0x300:0xffffff00]
Vertex: 2D:0:254
    Partition: SPIKE, Routing Info: [KeyAndMask:0x400:0xffffff00]
Vertex: 2D:255:509
    Partition: SPIKE, Routing Info: [KeyAndMask:0x500:0xffffff00]
Vertex: 2D:510:764
    Partition: SPIKE, Routing Info: [KeyAndMask:0x600:0xffffff00]
Vertex: 2D:765:899
    Partition: SPIKE, Routing Info: [KeyAndMask:0x700:0xffffff00]
Vertex: 3D:0:254
    Partition: SPIKE, Routing Info: [KeyAndMask:0x800:0xffffff00]
Vertex: 3D:255:509
    Partition: SPIKE, Routing Info: [KeyAndMask:0x900:0xffffff00]
Vertex: 3D:510:764
    Partition: SPIKE, Routing Info: [KeyAndMask:0xa00:0xffffff00]
Vertex: 3D:765:999
    Partition: SPIKE, Routing Info: [KeyAndMask:0xb00:0xffffff00]
Vertex: Sphere:0:254
    Partition: SPIKE, Routing Info: [KeyAndMask:0xc00:0xffffff00]
Vertex: Sphere:255:509
    Partition: SPIKE, Routing Info: [KeyAndMask:0xd00:0xffffff00]
Vertex: Sphere:510:764
    Partition: SPIKE, Routing Info: [KeyAndMask:0xe00:0xffffff00]
Vertex: Sphere:765:999
    Partition: SPIKE, Routing Info: [KeyAndMask:0xf00:0xffffff00]
Vertex: Cuboid:0:254
    Partition: SPIKE, Routing Info: [KeyAndMask:0x1000:0xffffff00]
Vertex: Cuboid:255:509
    Partition: SPIKE, Routing Info: [KeyAndMask:0x1100:0xffffff00]
Vertex: Cuboid:510:764
    Partition: SPIKE, Routing Info: [KeyAndMask:0x1200:0xffffff00]
Vertex: Cuboid:765:999
    Partition: SPIKE, Routing Info: [KeyAndMask:0x1300:0xffffff00]
Vertex: Thalamus:0:899
    Partition: SPIKE, Routing Info: [KeyAndMask:0x1400:0xfffffc00]
Vertex: SYSTEM:ExtraMonitor
Vertex: SYSTEM:ExtraMonitor1
Vertex: SYSTEM:ExtraMonitor2
Vertex: SYSTEM:ExtraMonitor3
Vertex: SYSTEM:ExtraMonitor4
Vertex: SYSTEM:ExtraMonitor5
Vertex: SYSTEM:ExtraMonitor6
Vertex: SYSTEM:ExtraMonitor7
Vertex: SYSTEM:ExtraMonitor8
Vertex: SYSTEM:ExtraMonitor9
Vertex: SYSTEM:ExtraMonitor10
Vertex: SYSTEM:ExtraMonitor11
Vertex: SYSTEM:ExtraMonitor12
Vertex: SYSTEM:ExtraMonitor13
Vertex: SYSTEM:ExtraMonitor14
Vertex: SYSTEM:ExtraMonitor15
Vertex: SYSTEM:ExtraMonitor16
Vertex: SYSTEM:ExtraMonitor17
Vertex: SYSTEM:ExtraMonitor18
Vertex: SYSTEM:ExtraMonitor19
Vertex: SYSTEM:ExtraMonitor20
Vertex: SYSTEM:ExtraMonitor21
Vertex: SYSTEM:ExtraMonitor22
Vertex: SYSTEM:ExtraMonitor23
Vertex: SYSTEM:ExtraMonitor24
Vertex: SYSTEM:ExtraMonitor25
Vertex: SYSTEM:ExtraMonitor26
Vertex: SYSTEM:ExtraMonitor27
Vertex: SYSTEM:ExtraMonitor28
Vertex: SYSTEM:ExtraMonitor29
Vertex: SYSTEM:ExtraMonitor30
Vertex: SYSTEM:ExtraMonitor31
Vertex: SYSTEM:ExtraMonitor32
Vertex: SYSTEM:ExtraMonitor33
Vertex: SYSTEM:ExtraMonitor34
Vertex: SYSTEM:ExtraMonitor35
Vertex: SYSTEM:ExtraMonitor36
Vertex: SYSTEM:ExtraMonitor37
Vertex: SYSTEM:ExtraMonitor38
Vertex: SYSTEM:ExtraMonitor39
Vertex: SYSTEM:ExtraMonitor40
Vertex: SYSTEM:ExtraMonitor41
Vertex: SYSTEM:ExtraMonitor42
Vertex: SYSTEM:ExtraMonitor43
Vertex: SYSTEM:ExtraMonitor44
Vertex: SYSTEM:ExtraMonitor45
Vertex: SYSTEM:ExtraMonitor46
Vertex: SYSTEM:ExtraMonitor47
Vertex: SYSTEM:PacketGatherer(0,0)
