*** Vertices:
Vertex AbstractPopulationVertex_1, size: 80, model: AbstractPopulationVertex
    Constraints:
        MaxVertexAtomsConstraint(size=255)
    Outgoing Edge Partitions:

Vertex AbstractPopulationVertex_2, size: 20, model: AbstractPopulationVertex
    Constraints:
        MaxVertexAtomsConstraint(size=255)
    Outgoing Edge Partitions:

Vertex SpikeSourcePoissonVertex_3, size: 80, model: SpikeSourcePoissonVertex
    Constraints:
        MaxVertexAtomsConstraint(size=500)
    Outgoing Edge Partitions:
    Partition SPIKE:
        Edge: projection edge 0, From SpikeSourcePoissonVertex_3 to AbstractPopulationVertex_1, model: ProjectionApplicationEdge

Vertex SpikeSourcePoissonVertex_4, size: 20, model: SpikeSourcePoissonVertex
    Constraints:
        MaxVertexAtomsConstraint(size=500)
    Outgoing Edge Partitions:

Vertex AbstractPopulationVertex_5, size: 80, model: AbstractPopulationVertex
    Constraints:
        MaxVertexAtomsConstraint(size=255)
        SameAtomsAsVertexConstraint(vertex=AbstractPopulationVertex_5_delayed)
    Outgoing Edge Partitions:
    Partition SPIKE:
        Edge: projection edge 1, From AbstractPopulationVertex_5 to AbstractPopulationVertex_5, model: ProjectionApplicationEdge
        Edge: AbstractPopulationVertex_5_to_DelayExtension, From AbstractPopulationVertex_5 to AbstractPopulationVertex_5_delayed, model: DelayAfferentApplicationEdge
        Edge: projection edge 2, From AbstractPopulationVertex_5 to AbstractPopulationVertex_6, model: ProjectionApplicationEdge

Vertex AbstractPopulationVertex_6, size: 20, model: AbstractPopulationVertex
    Constraints:
        MaxVertexAtomsConstraint(size=255)
        SameAtomsAsVertexConstraint(vertex=AbstractPopulationVertex_6_delayed)
    Outgoing Edge Partitions:
    Partition SPIKE:
        Edge: projection edge 3, From AbstractPopulationVertex_6 to AbstractPopulationVertex_6, model: ProjectionApplicationEdge
        Edge: AbstractPopulationVertex_6_to_DelayExtension, From AbstractPopulationVertex_6 to AbstractPopulationVertex_6_delayed, model: DelayAfferentApplicationEdge
        Edge: projection edge 4, From AbstractPopulationVertex_6 to AbstractPopulationVertex_5, model: ProjectionApplicationEdge

Vertex AbstractPopulationVertex_5_delayed, size: 80, model: DelayExtensionVertex
    Constraints:
        MaxVertexAtomsConstraint(size=256)
        SameAtomsAsVertexConstraint(vertex=AbstractPopulationVertex_5 with 80 atoms)
    Outgoing Edge Partitions:
    Partition SPIKE:
        Edge: AbstractPopulationVertex_5_delayed_to_AbstractPopulationVertex_5, From AbstractPopulationVertex_5_delayed to AbstractPopulationVertex_5, model: DelayedApplicationEdge
        Edge: AbstractPopulationVertex_5_delayed_to_AbstractPopulationVertex_6, From AbstractPopulationVertex_5_delayed to AbstractPopulationVertex_6, model: DelayedApplicationEdge

Vertex AbstractPopulationVertex_6_delayed, size: 20, model: DelayExtensionVertex
    Constraints:
        SameAtomsAsVertexConstraint(vertex=AbstractPopulationVertex_6 with 20 atoms)
        MaxVertexAtomsConstraint(size=256)
    Outgoing Edge Partitions:
    Partition SPIKE:
        Edge: AbstractPopulationVertex_6_delayed_to_AbstractPopulationVertex_6, From AbstractPopulationVertex_6_delayed to AbstractPopulationVertex_6, model: DelayedApplicationEdge
        Edge: AbstractPopulationVertex_6_delayed_to_AbstractPopulationVertex_5, From AbstractPopulationVertex_6_delayed to AbstractPopulationVertex_5, model: DelayedApplicationEdge

Vertex SpikeSourcePoissonVertex_7, size: 80, model: SpikeSourcePoissonVertex
    Constraints:
        MaxVertexAtomsConstraint(size=500)
    Outgoing Edge Partitions:
    Partition SPIKE:
        Edge: projection edge 5, From SpikeSourcePoissonVertex_7 to AbstractPopulationVertex_5, model: ProjectionApplicationEdge

Vertex SpikeSourcePoissonVertex_8, size: 20, model: SpikeSourcePoissonVertex
    Constraints:
        MaxVertexAtomsConstraint(size=500)
    Outgoing Edge Partitions:
    Partition SPIKE:
        Edge: projection edge 6, From SpikeSourcePoissonVertex_8 to AbstractPopulationVertex_6, model: ProjectionApplicationEdge

