        Placement Information by Vertex
        ===============================

Generated: Mon Apr 12 07:10:30 2021 for target machine '10.11.195.73'

**** Vertex: 'AbstractPopulationVertex_1'
Model: AbstractPopulationVertex
Pop size: 80
Machine Vertices: 
  Slice 0:79 (80 atoms) 

**** Vertex: 'AbstractPopulationVertex_2'
Model: AbstractPopulationVertex
Pop size: 20
Machine Vertices: 
  Slice 0:19 (20 atoms) 

**** Vertex: 'SpikeSourcePoissonVertex_3'
Model: SpikeSourcePoissonVertex
Pop size: 80
Machine Vertices: 
  Slice 0:79 (80 atoms) 

**** Vertex: 'SpikeSourcePoissonVertex_4'
Model: SpikeSourcePoissonVertex
Pop size: 20
Machine Vertices: 
  Slice 0:19 (20 atoms) 

**** Vertex: 'AbstractPopulationVertex_5'
Model: AbstractPopulationVertex
Pop size: 80
Machine Vertices: 
  Slice 0:79 (80 atoms) 

**** Vertex: 'AbstractPopulationVertex_6'
Model: AbstractPopulationVertex
Pop size: 20
Machine Vertices: 
  Slice 0:19 (20 atoms) 

**** Vertex: 'AbstractPopulationVertex_5_delayed'
Model: DelayExtensionVertex
Pop size: 80
Machine Vertices: 
  Slice 0:79 (80 atoms) 

**** Vertex: 'AbstractPopulationVertex_6_delayed'
Model: DelayExtensionVertex
Pop size: 20
Machine Vertices: 
  Slice 0:19 (20 atoms) 

**** Vertex: 'SpikeSourcePoissonVertex_7'
Model: SpikeSourcePoissonVertex
Pop size: 80
Machine Vertices: 
  Slice 0:79 (80 atoms) 

**** Vertex: 'SpikeSourcePoissonVertex_8'
Model: SpikeSourcePoissonVertex
Pop size: 20
Machine Vertices: 
  Slice 0:19 (20 atoms) 

