Vertex: AbstractPopulationVertex_1:0:79
Vertex: AbstractPopulationVertex_2:0:19
Vertex: SpikeSourcePoissonVertex_3:0:79
    Partition: SPIKE, Routing Info: [KeyAndMask:0x0:0xffffff80]
Vertex: SpikeSourcePoissonVertex_4:0:19
Vertex: AbstractPopulationVertex_5:0:79
    Partition: SPIKE, Routing Info: [KeyAndMask:0x80:0xffffff80]
Vertex: AbstractPopulationVertex_5_delayed:0:79
    Partition: SPIKE, Routing Info: [KeyAndMask:0x100:0xffffff00]
Vertex: AbstractPopulationVertex_6:0:19
    Partition: SPIKE, Routing Info: [KeyAndMask:0x200:0xffffffe0]
Vertex: AbstractPopulationVertex_6_delayed:0:19
    Partition: SPIKE, Routing Info: [KeyAndMask:0x240:0xffffffc0]
Vertex: SpikeSourcePoissonVertex_7:0:79
    Partition: SPIKE, Routing Info: [KeyAndMask:0x280:0xffffff80]
Vertex: SpikeSourcePoissonVertex_8:0:19
    Partition: SPIKE, Routing Info: [KeyAndMask:0x220:0xffffffe0]
Vertex: SYSTEM:ExtraMonitor
Vertex: SYSTEM:ExtraMonitor1
Vertex: SYSTEM:ExtraMonitor2
Vertex: SYSTEM:ExtraMonitor3
Vertex: SYSTEM:ExtraMonitor4
Vertex: SYSTEM:ExtraMonitor5
Vertex: SYSTEM:ExtraMonitor6
Vertex: SYSTEM:ExtraMonitor7
Vertex: SYSTEM:ExtraMonitor8
Vertex: SYSTEM:ExtraMonitor9
Vertex: SYSTEM:ExtraMonitor10
Vertex: SYSTEM:ExtraMonitor11
Vertex: SYSTEM:ExtraMonitor12
Vertex: SYSTEM:ExtraMonitor13
Vertex: SYSTEM:ExtraMonitor14
Vertex: SYSTEM:ExtraMonitor15
Vertex: SYSTEM:ExtraMonitor16
Vertex: SYSTEM:ExtraMonitor17
Vertex: SYSTEM:ExtraMonitor18
Vertex: SYSTEM:ExtraMonitor19
Vertex: SYSTEM:ExtraMonitor20
Vertex: SYSTEM:ExtraMonitor21
Vertex: SYSTEM:ExtraMonitor22
Vertex: SYSTEM:ExtraMonitor23
Vertex: SYSTEM:ExtraMonitor24
Vertex: SYSTEM:ExtraMonitor25
Vertex: SYSTEM:ExtraMonitor26
Vertex: SYSTEM:ExtraMonitor27
Vertex: SYSTEM:ExtraMonitor28
Vertex: SYSTEM:ExtraMonitor29
Vertex: SYSTEM:ExtraMonitor30
Vertex: SYSTEM:ExtraMonitor31
Vertex: SYSTEM:ExtraMonitor32
Vertex: SYSTEM:ExtraMonitor33
Vertex: SYSTEM:ExtraMonitor34
Vertex: SYSTEM:ExtraMonitor35
Vertex: SYSTEM:ExtraMonitor36
Vertex: SYSTEM:ExtraMonitor37
Vertex: SYSTEM:ExtraMonitor38
Vertex: SYSTEM:ExtraMonitor39
Vertex: SYSTEM:ExtraMonitor40
Vertex: SYSTEM:ExtraMonitor41
Vertex: SYSTEM:ExtraMonitor42
Vertex: SYSTEM:ExtraMonitor43
Vertex: SYSTEM:ExtraMonitor44
Vertex: SYSTEM:ExtraMonitor45
Vertex: SYSTEM:ExtraMonitor46
Vertex: SYSTEM:ExtraMonitor47
Vertex: SYSTEM:PacketGatherer(0,0)
