Router contains 17 entries
Index Key        Mask       Route      Default [Cores][Links]
----- ---------- ---------- ---------- ------- --------------
    0 0x00000000 0xFFFFFF00 0x00001E00 False   [3, 4, 5, 6] []
    1 0x00000100 0xFFFFFF00 0x00001E00 False   [3, 4, 5, 6] []
    2 0x00000200 0xFFFFFF00 0x00001E00 False   [3, 4, 5, 6] []
    3 0x00000300 0xFFFFFF00 0x00001E00 False   [3, 4, 5, 6] []
    4 0x00000400 0xFFFFFF00 0x0001E000 False   [8, 9, 10, 7] []
    5 0x00000500 0xFFFFFF00 0x0001E000 False   [8, 9, 10, 7] []
    6 0x00000600 0xFFFFFF00 0x0001E000 False   [8, 9, 10, 7] []
    7 0x00000700 0xFFFFFF00 0x0001E000 False   [8, 9, 10, 7] []
    8 0x00000800 0xFFFFFF00 0x001E0000 False   [11, 12, 13, 14] []
    9 0x00000900 0xFFFFFF00 0x001E0000 False   [11, 12, 13, 14] []
   10 0x00000A00 0xFFFFFF00 0x001E0000 False   [11, 12, 13, 14] []
   11 0x00000B00 0xFFFFFF00 0x001E0000 False   [11, 12, 13, 14] []
   12 0x00000C00 0xFFFFFF00 0x00E00001 False   [16, 17, 15] [E]
   13 0x00000D00 0xFFFFFF00 0x00E00001 False   [16, 17, 15] [E]
   14 0x00000E00 0xFFFFFF00 0x00E00001 False   [16, 17, 15] [E]
   15 0x00000F00 0xFFFFFF00 0x00E00000 False   [16, 17, 15] []
   16 0x00001400 0xFFFFFC00 0x00FFFE00 False   [3, 4, 5, 6, 7, 8, 9, 10, 11, 12, 13, 14, 15, 16, 17] []
0 Defaultable entries
