        Placement Information by Vertex
        ===============================

Generated: Sun Apr 11 16:47:06 2021 for target machine '10.11.208.129'

**** Vertex: 'AbstractPopulationVertex_1'
Model: AbstractPopulationVertex
Pop size: 80
Machine Vertices: 
  Slice 0:79 (80 atoms) 

**** Vertex: 'AbstractPopulationVertex_2'
Model: AbstractPopulationVertex
Pop size: 20
Machine Vertices: 
  Slice 0:19 (20 atoms) 

**** Vertex: 'AbstractPopulationVertex_1_delayed'
Model: DelayExtensionVertex
Pop size: 80
Machine Vertices: 
  Slice 0:79 (80 atoms) 

**** Vertex: 'AbstractPopulationVertex_2_delayed'
Model: DelayExtensionVertex
Pop size: 20
Machine Vertices: 
  Slice 0:19 (20 atoms) 

**** Vertex: 'thalamus'
Model: SpikeSourceArrayVertex
Pop size: 100
Machine Vertices: 
  Slice 0:99 (100 atoms) 

